# JRE version: OpenJDK Runtime Environment Temurin-21.0.10+7 (21.0.10+7) (build 21.0.10+7-LTS)
# Java VM: OpenJDK 64-Bit Server VM Temurin-21.0.10+7 (21.0.10+7-LTS, mixed mode, sharing, tiered, compressed oops, compressed class ptrs, parallel gc, windows-amd64)
GC Precious Log:
 CardTable entry size: 512
 CPUs: 4 total, 4 available
 Memory: 3526M
 Large Page Support: Disabled
 NUMA Support: Disabled
 Compressed Oops: Enabled (32-bit)
 Alignments: Space 512K, Generation 512K, Heap 2M
 Heap Min Capacity: 100M
 Heap Initial Capacity: 100M
 Heap Max Capacity: 2G
 Pre-touch: Disabled
 Parallel Workers: 4
Heap:
 PSYoungGen      total 14336K, used 9321K [0x00000000d5580000, 0x00000000d6980000, 0x0000000100000000)
  eden space 13824K, 64% used [0x00000000d5580000,0x00000000d5e2a580,0x00000000d6300000)
  from space 512K, 87% used [0x00000000d6900000,0x00000000d6970040,0x00000000d6980000)
  to   space 512K, 0% used [0x00000000d6880000,0x00000000d6880000,0x00000000d6900000)
 ParOldGen       total 68608K, used 59095K [0x0000000080000000, 0x0000000084300000, 0x00000000d5580000)
  object space 68608K, 86% used [0x0000000080000000,0x00000000839b5ca8,0x0000000084300000)
 Metaspace       used 74444K, committed 76096K, reserved 1179648K
  class space    used 8006K, committed 8704K, reserved 1048576K
GC Heap History (20 events):
Event: 76.847 GC heap before
{Heap before GC invocations=42 (full 3):
 PSYoungGen      total 15360K, used 15333K [0x00000000d5580000, 0x00000000d6c80000, 0x0000000100000000)
  eden space 13824K, 100% used [0x00000000d5580000,0x00000000d6300000,0x00000000d6300000)
  from space 1536K, 98% used [0x00000000d6700000,0x00000000d68794d0,0x00000000d6880000)
  to   space 4096K, 0% used [0x00000000d6300000,0x00000000d6300000,0x00000000d6700000)
 ParOldGen       total 68608K, used 47133K [0x0000000080000000, 0x0000000084300000, 0x00000000d5580000)
  object space 68608K, 68% used [0x0000000080000000,0x0000000082e07678,0x0000000084300000)
 Metaspace       used 63658K, committed 65088K, reserved 1114112K
  class space    used 6892K, committed 7488K, reserved 1048576K
}
Event: 76.858 GC heap after
{Heap after GC invocations=42 (full 3):
 PSYoungGen      total 17408K, used 3164K [0x00000000d5580000, 0x00000000d6a00000, 0x0000000100000000)
  eden space 13824K, 0% used [0x00000000d5580000,0x00000000d5580000,0x00000000d6300000)
  from space 3584K, 88% used [0x00000000d6300000,0x00000000d66171a0,0x00000000d6680000)
  to   space 3584K, 0% used [0x00000000d6680000,0x00000000d6680000,0x00000000d6a00000)
 ParOldGen       total 68608K, used 48588K [0x0000000080000000, 0x0000000084300000, 0x00000000d5580000)
  object space 68608K, 70% used [0x0000000080000000,0x0000000082f73030,0x0000000084300000)
 Metaspace       used 63658K, committed 65088K, reserved 1114112K
  class space    used 6892K, committed 7488K, reserved 1048576K
}
Event: 77.341 GC heap before
{Heap before GC invocations=43 (full 3):
 PSYoungGen      total 17408K, used 16988K [0x00000000d5580000, 0x00000000d6a00000, 0x0000000100000000)
  eden space 13824K, 100% used [0x00000000d5580000,0x00000000d6300000,0x00000000d6300000)
  from space 3584K, 88% used [0x00000000d6300000,0x00000000d66171a0,0x00000000d6680000)
  to   space 3584K, 0% used [0x00000000d6680000,0x00000000d6680000,0x00000000d6a00000)
 ParOldGen       total 68608K, used 48588K [0x0000000080000000, 0x0000000084300000, 0x00000000d5580000)
  object space 68608K, 70% used [0x0000000080000000,0x0000000082f73030,0x0000000084300000)
 Metaspace       used 64699K, committed 66112K, reserved 1114112K
  class space    used 6973K, committed 7616K, reserved 1048576K
}
Event: 77.348 GC heap after
{Heap after GC invocations=43 (full 3):
 PSYoungGen      total 15872K, used 1808K [0x00000000d5580000, 0x00000000d6880000, 0x0000000100000000)
  eden space 13824K, 0% used [0x00000000d5580000,0x00000000d5580000,0x00000000d6300000)
  from space 2048K, 88% used [0x00000000d6680000,0x00000000d6844010,0x00000000d6880000)
  to   space 2560K, 0% used [0x00000000d6380000,0x00000000d6380000,0x00000000d6600000)
 ParOldGen       total 68608K, used 50650K [0x0000000080000000, 0x0000000084300000, 0x00000000d5580000)
  object space 68608K, 73% used [0x0000000080000000,0x0000000083176a40,0x0000000084300000)
 Metaspace       used 64699K, committed 66112K, reserved 1114112K
  class space    used 6973K, committed 7616K, reserved 1048576K
}
Event: 78.049 GC heap before
{Heap before GC invocations=44 (full 3):
 PSYoungGen      total 15872K, used 15604K [0x00000000d5580000, 0x00000000d6880000, 0x0000000100000000)
  eden space 13824K, 99% used [0x00000000d5580000,0x00000000d62f92c0,0x00000000d6300000)
  from space 2048K, 88% used [0x00000000d6680000,0x00000000d6844010,0x00000000d6880000)
  to   space 2560K, 0% used [0x00000000d6380000,0x00000000d6380000,0x00000000d6600000)
 ParOldGen       total 68608K, used 50650K [0x0000000080000000, 0x0000000084300000, 0x00000000d5580000)
  object space 68608K, 73% used [0x0000000080000000,0x0000000083176a40,0x0000000084300000)
 Metaspace       used 65928K, committed 67328K, reserved 1114112K
  class space    used 7084K, committed 7680K, reserved 1048576K
}
Event: 78.056 GC heap after
{Heap after GC invocations=44 (full 3):
 PSYoungGen      total 16384K, used 2554K [0x00000000d5580000, 0x00000000d7300000, 0x0000000100000000)
  eden space 13824K, 0% used [0x00000000d5580000,0x00000000d5580000,0x00000000d6300000)
  from space 2560K, 99% used [0x00000000d6380000,0x00000000d65feb50,0x00000000d6600000)
  to   space 8192K, 0% used [0x00000000d6b00000,0x00000000d6b00000,0x00000000d7300000)
 ParOldGen       total 68608K, used 55030K [0x0000000080000000, 0x0000000084300000, 0x00000000d5580000)
  object space 68608K, 80% used [0x0000000080000000,0x00000000835bda30,0x0000000084300000)
 Metaspace       used 65928K, committed 67328K, reserved 1114112K
  class space    used 7084K, committed 7680K, reserved 1048576K
}
Event: 79.281 GC heap before
{Heap before GC invocations=45 (full 3):
 PSYoungGen      total 16384K, used 16378K [0x00000000d5580000, 0x00000000d7300000, 0x0000000100000000)
  eden space 13824K, 100% used [0x00000000d5580000,0x00000000d6300000,0x00000000d6300000)
  from space 2560K, 99% used [0x00000000d6380000,0x00000000d65feb50,0x00000000d6600000)
  to   space 8192K, 0% used [0x00000000d6b00000,0x00000000d6b00000,0x00000000d7300000)
 ParOldGen       total 68608K, used 55030K [0x0000000080000000, 0x0000000084300000, 0x00000000d5580000)
  object space 68608K, 80% used [0x0000000080000000,0x00000000835bda30,0x0000000084300000)
 Metaspace       used 66877K, committed 68352K, reserved 1114112K
  class space    used 7179K, committed 7808K, reserved 1048576K
}
Event: 79.292 GC heap after
{Heap after GC invocations=45 (full 3):
 PSYoungGen      total 15872K, used 1718K [0x00000000d5580000, 0x00000000d6d00000, 0x0000000100000000)
  eden space 13824K, 0% used [0x00000000d5580000,0x00000000d5580000,0x00000000d6300000)
  from space 2048K, 83% used [0x00000000d6b00000,0x00000000d6cad828,0x00000000d6d00000)
  to   space 4096K, 0% used [0x00000000d6500000,0x00000000d6500000,0x00000000d6900000)
 ParOldGen       total 68608K, used 55324K [0x0000000080000000, 0x0000000084300000, 0x00000000d5580000)
  object space 68608K, 80% used [0x0000000080000000,0x0000000083607308,0x0000000084300000)
 Metaspace       used 66877K, committed 68352K, reserved 1114112K
  class space    used 7179K, committed 7808K, reserved 1048576K
}
Event: 80.511 GC heap before
{Heap before GC invocations=46 (full 3):
 PSYoungGen      total 15872K, used 15542K [0x00000000d5580000, 0x00000000d6d00000, 0x0000000100000000)
  eden space 13824K, 100% used [0x00000000d5580000,0x00000000d6300000,0x00000000d6300000)
  from space 2048K, 83% used [0x00000000d6b00000,0x00000000d6cad828,0x00000000d6d00000)
  to   space 4096K, 0% used [0x00000000d6500000,0x00000000d6500000,0x00000000d6900000)
 ParOldGen       total 68608K, used 55324K [0x0000000080000000, 0x0000000084300000, 0x00000000d5580000)
  object space 68608K, 80% used [0x0000000080000000,0x0000000083607308,0x0000000084300000)
 Metaspace       used 67899K, committed 69376K, reserved 1114112K
  class space    used 7288K, committed 7936K, reserved 1048576K
}
Event: 80.517 GC heap after
{Heap after GC invocations=46 (full 3):
 PSYoungGen      total 17920K, used 1141K [0x00000000d5580000, 0x00000000d6b80000, 0x0000000100000000)
  eden space 13824K, 0% used [0x00000000d5580000,0x00000000d5580000,0x00000000d6300000)
  from space 4096K, 27% used [0x00000000d6500000,0x00000000d661d748,0x00000000d6900000)
  to   space 2048K, 0% used [0x00000000d6980000,0x00000000d6980000,0x00000000d6b80000)
 ParOldGen       total 68608K, used 56723K [0x0000000080000000, 0x0000000084300000, 0x00000000d5580000)
  object space 68608K, 82% used [0x0000000080000000,0x0000000083764d20,0x0000000084300000)
 Metaspace       used 67899K, committed 69376K, reserved 1114112K
  class space    used 7288K, committed 7936K, reserved 1048576K
}
Event: 81.137 GC heap before
{Heap before GC invocations=47 (full 3):
 PSYoungGen      total 17920K, used 14965K [0x00000000d5580000, 0x00000000d6b80000, 0x0000000100000000)
  eden space 13824K, 100% used [0x00000000d5580000,0x00000000d6300000,0x00000000d6300000)
  from space 4096K, 27% used [0x00000000d6500000,0x00000000d661d748,0x00000000d6900000)
  to   space 2048K, 0% used [0x00000000d6980000,0x00000000d6980000,0x00000000d6b80000)
 ParOldGen       total 68608K, used 56723K [0x0000000080000000, 0x0000000084300000, 0x00000000d5580000)
  object space 68608K, 82% used [0x0000000080000000,0x0000000083764d20,0x0000000084300000)
 Metaspace       used 69193K, committed 70720K, reserved 1114112K
  class space    used 7412K, committed 8064K, reserved 1048576K
}
Event: 81.140 GC heap after
{Heap after GC invocations=47 (full 3):
 PSYoungGen      total 14848K, used 605K [0x00000000d5580000, 0x00000000d6a80000, 0x0000000100000000)
  eden space 13824K, 0% used [0x00000000d5580000,0x00000000d5580000,0x00000000d6300000)
  from space 1024K, 59% used [0x00000000d6980000,0x00000000d6a17640,0x00000000d6a80000)
  to   space 1024K, 0% used [0x00000000d6880000,0x00000000d6880000,0x00000000d6980000)
 ParOldGen       total 68608K, used 57807K [0x0000000080000000, 0x0000000084300000, 0x00000000d5580000)
  object space 68608K, 84% used [0x0000000080000000,0x0000000083873ed8,0x0000000084300000)
 Metaspace       used 69193K, committed 70720K, reserved 1114112K
  class space    used 7412K, committed 8064K, reserved 1048576K
}
Event: 81.417 GC heap before
{Heap before GC invocations=48 (full 3):
 PSYoungGen      total 14848K, used 14429K [0x00000000d5580000, 0x00000000d6a80000, 0x0000000100000000)
  eden space 13824K, 100% used [0x00000000d5580000,0x00000000d6300000,0x00000000d6300000)
  from space 1024K, 59% used [0x00000000d6980000,0x00000000d6a17640,0x00000000d6a80000)
  to   space 1024K, 0% used [0x00000000d6880000,0x00000000d6880000,0x00000000d6980000)
 ParOldGen       total 68608K, used 57816K [0x0000000080000000, 0x0000000084300000, 0x00000000d5580000)
  object space 68608K, 84% used [0x0000000080000000,0x0000000083876098,0x0000000084300000)
 Metaspace       used 70715K, committed 72192K, reserved 1114112K
  class space    used 7605K, committed 8256K, reserved 1048576K
}
Event: 81.418 GC heap after
{Heap after GC invocations=48 (full 3):
 PSYoungGen      total 14336K, used 464K [0x00000000d5580000, 0x00000000d6a00000, 0x0000000100000000)
  eden space 13824K, 0% used [0x00000000d5580000,0x00000000d5580000,0x00000000d6300000)
  from space 512K, 90% used [0x00000000d6880000,0x00000000d68f4010,0x00000000d6900000)
  to   space 1024K, 0% used [0x00000000d6900000,0x00000000d6900000,0x00000000d6a00000)
 ParOldGen       total 68608K, used 58111K [0x0000000080000000, 0x0000000084300000, 0x00000000d5580000)
  object space 68608K, 84% used [0x0000000080000000,0x00000000838bfc78,0x0000000084300000)
 Metaspace       used 70715K, committed 72192K, reserved 1114112K
  class space    used 7605K, committed 8256K, reserved 1048576K
}
Event: 81.746 GC heap before
{Heap before GC invocations=49 (full 3):
 PSYoungGen      total 14336K, used 14288K [0x00000000d5580000, 0x00000000d6a00000, 0x0000000100000000)
  eden space 13824K, 100% used [0x00000000d5580000,0x00000000d6300000,0x00000000d6300000)
  from space 512K, 90% used [0x00000000d6880000,0x00000000d68f4010,0x00000000d6900000)
  to   space 1024K, 0% used [0x00000000d6900000,0x00000000d6900000,0x00000000d6a00000)
 ParOldGen       total 68608K, used 58111K [0x0000000080000000, 0x0000000084300000, 0x00000000d5580000)
  object space 68608K, 84% used [0x0000000080000000,0x00000000838bfc78,0x0000000084300000)
 Metaspace       used 72079K, committed 73600K, reserved 1179648K
  class space    used 7829K, committed 8448K, reserved 1048576K
}
Event: 81.752 GC heap after
{Heap after GC invocations=49 (full 3):
 PSYoungGen      total 14336K, used 480K [0x00000000d5580000, 0x00000000d6980000, 0x0000000100000000)
  eden space 13824K, 0% used [0x00000000d5580000,0x00000000d5580000,0x00000000d6300000)
  from space 512K, 93% used [0x00000000d6900000,0x00000000d6978000,0x00000000d6980000)
  to   space 512K, 0% used [0x00000000d6880000,0x00000000d6880000,0x00000000d6900000)
 ParOldGen       total 68608K, used 58439K [0x0000000080000000, 0x0000000084300000, 0x00000000d5580000)
  object space 68608K, 85% used [0x0000000080000000,0x0000000083911ca8,0x0000000084300000)
 Metaspace       used 72079K, committed 73600K, reserved 1179648K
  class space    used 7829K, committed 8448K, reserved 1048576K
}
Event: 9362.714 GC heap before
{Heap before GC invocations=50 (full 3):
 PSYoungGen      total 14336K, used 14304K [0x00000000d5580000, 0x00000000d6980000, 0x0000000100000000)
  eden space 13824K, 100% used [0x00000000d5580000,0x00000000d6300000,0x00000000d6300000)
  from space 512K, 93% used [0x00000000d6900000,0x00000000d6978000,0x00000000d6980000)
  to   space 512K, 0% used [0x00000000d6880000,0x00000000d6880000,0x00000000d6900000)
 ParOldGen       total 68608K, used 58439K [0x0000000080000000, 0x0000000084300000, 0x00000000d5580000)
  object space 68608K, 85% used [0x0000000080000000,0x0000000083911ca8,0x0000000084300000)
 Metaspace       used 73217K, committed 74752K, reserved 1179648K
  class space    used 7950K, committed 8640K, reserved 1048576K
}
Event: 9362.857 GC heap after
{Heap after GC invocations=50 (full 3):
 PSYoungGen      total 14336K, used 384K [0x00000000d5580000, 0x00000000d6980000, 0x0000000100000000)
  eden space 13824K, 0% used [0x00000000d5580000,0x00000000d5580000,0x00000000d6300000)
  from space 512K, 75% used [0x00000000d6880000,0x00000000d68e0000,0x00000000d6900000)
  to   space 512K, 0% used [0x00000000d6900000,0x00000000d6900000,0x00000000d6980000)
 ParOldGen       total 68608K, used 58815K [0x0000000080000000, 0x0000000084300000, 0x00000000d5580000)
  object space 68608K, 85% used [0x0000000080000000,0x000000008396fca8,0x0000000084300000)
 Metaspace       used 73217K, committed 74752K, reserved 1179648K
  class space    used 7950K, committed 8640K, reserved 1048576K
}
Event: 9716.960 GC heap before
{Heap before GC invocations=51 (full 3):
 PSYoungGen      total 14336K, used 14208K [0x00000000d5580000, 0x00000000d6980000, 0x0000000100000000)
  eden space 13824K, 100% used [0x00000000d5580000,0x00000000d6300000,0x00000000d6300000)
  from space 512K, 75% used [0x00000000d6880000,0x00000000d68e0000,0x00000000d6900000)
  to   space 512K, 0% used [0x00000000d6900000,0x00000000d6900000,0x00000000d6980000)
 ParOldGen       total 68608K, used 58815K [0x0000000080000000, 0x0000000084300000, 0x00000000d5580000)
  object space 68608K, 85% used [0x0000000080000000,0x000000008396fca8,0x0000000084300000)
 Metaspace       used 73841K, committed 75456K, reserved 1179648K
  class space    used 7971K, committed 8640K, reserved 1048576K
}
Event: 9716.999 GC heap after
{Heap after GC invocations=51 (full 3):
 PSYoungGen      total 14336K, used 448K [0x00000000d5580000, 0x00000000d6980000, 0x0000000100000000)
  eden space 13824K, 0% used [0x00000000d5580000,0x00000000d5580000,0x00000000d6300000)
  from space 512K, 87% used [0x00000000d6900000,0x00000000d6970040,0x00000000d6980000)
  to   space 512K, 0% used [0x00000000d6880000,0x00000000d6880000,0x00000000d6900000)
 ParOldGen       total 68608K, used 59095K [0x0000000080000000, 0x0000000084300000, 0x00000000d5580000)
  object space 68608K, 86% used [0x0000000080000000,0x00000000839b5ca8,0x0000000084300000)
 Metaspace       used 73841K, committed 75456K, reserved 1179648K
  class space    used 7971K, committed 8640K, reserved 1048576K
}

